Checking for correctness
Checking for correct memory...
	add.program.out 			PASSED
	b.program.out 			PASSED
	branch1.program.out 			PASSED
	branch2.program.out 			PASSED
	branch.program.out 			PASSED
	br.program.out 			PASSED
	btest1.program.out 			FAILED
	btest2.program.out 			PASSED
	copy_long.program.out 			FAILED
	copy.program.out 			PASSED
	evens_long.program.out 			PASSED
	evens.program.out 			FAILED
	fib_long.program.out 			FAILED
	fib.program.out 			FAILED
	fib_rec.program.out 			FAILED
	halt.program.out 			PASSED
	heewoo.program.out 			PASSED
	hw.program.out 			PASSED
	insertion.program.out 			FAILED
	mult1.program.out 			PASSED
	mult2.program.out 			PASSED
	mult_no_lsq_br.program.out 			PASSED
	mult_no_lsq.program.out 			PASSED
	mult_no_lsq_roll.program.out 			PASSED
	mult.program.out 			FAILED
	no_mult_lsq.program.out 			FAILED
	objsort.program.out 			FAILED
	parallel_long.program.out 			PASSED
	parallel.program.out 			PASSED
	parsort.program.out 			FAILED
	saxpy.program.out 			FAILED
	simple_ld_st.program.out 			FAILED
	simple_load_store.program.out 			FAILED
	simple_mult.program.out 			PASSED
	simple.program.out 			PASSED
	sort.program.out 			FAILED
	test_branch_1.program.out 			PASSED
	test_branch_2.program.out 			PASSED
	test_branch_3.program.out 			PASSED
	test_branch_4.program.out 			PASSED
	test_long_add.program.out 			PASSED
	test_raw_10.program.out 			PASSED
	test_raw_11.program.out 			PASSED
	test_raw_12.program.out 			FAILED
	test_raw_1.program.out 			PASSED
	test_raw_2.program.out 			PASSED
	test_raw_3.program.out 			PASSED
	test_raw_4.program.out 			PASSED
	test_raw_5.program.out 			PASSED
	test_raw_6.program.out 			PASSED
	test_raw_7.program.out 			PASSED
	test_sq_full.program.out 			PASSED
	test_sq_stall.program.out 			FAILED
	test_waw_1.program.out 			PASSED
	test_waw_2.program.out 			PASSED
	test_waw_3.program.out 			PASSED
	test_waw_4.program.out 			PASSED
	test_waw_5.program.out 			PASSED
PASSED: 41/58
Checking for correct writeback...
	add.writeback.out 			PASSED
	branch1.writeback.out 			PASSED
	branch2.writeback.out 			PASSED
	branch.writeback.out 			PASSED
	br.writeback.out 			PASSED
	btest1.writeback.out 			PASSED
	btest2.writeback.out 			PASSED
	b.writeback.out 			PASSED
	copy_long.writeback.out 			FAILED
	copy.writeback.out 			PASSED
	evens_long.writeback.out 			PASSED
	evens.writeback.out 			PASSED
	fib_long.writeback.out 			FAILED
	fib_rec.writeback.out 			FAILED
	fib.writeback.out 			FAILED
	halt.writeback.out 			PASSED
	heewoo.writeback.out 			PASSED
	hw.writeback.out 			PASSED
	insertion.writeback.out 			FAILED
	mult1.writeback.out 			PASSED
	mult2.writeback.out 			PASSED
	mult_no_lsq_br.writeback.out 			PASSED
	mult_no_lsq_roll.writeback.out 			PASSED
	mult_no_lsq.writeback.out 			PASSED
	mult.writeback.out 			FAILED
	no_mult_lsq.writeback.out 			PASSED
	objsort.writeback.out 			FAILED
	parallel_long.writeback.out 			PASSED
	parallel.writeback.out 			PASSED
	parsort.writeback.out 			FAILED
	saxpy.writeback.out 			FAILED
	simple_ld_st.writeback.out 			FAILED
	simple_load_store.writeback.out 			FAILED
	simple_mult.writeback.out 			PASSED
	simple.writeback.out 			PASSED
	sort.writeback.out 			FAILED
	test_branch_1.writeback.out 			PASSED
	test_branch_2.writeback.out 			PASSED
	test_branch_3.writeback.out 			PASSED
	test_branch_4.writeback.out 			PASSED
	test_long_add.writeback.out 			PASSED
	test_raw_10.writeback.out 			PASSED
	test_raw_11.writeback.out 			PASSED
	test_raw_12.writeback.out 			PASSED
	test_raw_1.writeback.out 			PASSED
	test_raw_2.writeback.out 			PASSED
	test_raw_3.writeback.out 			PASSED
	test_raw_4.writeback.out 			PASSED
	test_raw_5.writeback.out 			PASSED
	test_raw_6.writeback.out 			PASSED
	test_raw_7.writeback.out 			PASSED
	test_sq_full.writeback.out 			PASSED
	test_sq_stall.writeback.out 			PASSED
	test_waw_1.writeback.out 			PASSED
	test_waw_2.writeback.out 			PASSED
	test_waw_3.writeback.out 			PASSED
	test_waw_4.writeback.out 			PASSED
	test_waw_5.writeback.out 			PASSED
PASSED: 46/58

